Determining if the pthread_create exist failed with the following output:
Change Dir: /home/mrinmoi/Udemy_ROS/catkin_ws/build/CMakeFiles/CMakeTmp

Run Build Command:"/usr/bin/make" "cmTC_0be5d/fast"
/usr/bin/make -f CMakeFiles/cmTC_0be5d.dir/build.make CMakeFiles/cmTC_0be5d.dir/build
make[1]: Entering directory '/home/mrinmoi/Udemy_ROS/catkin_ws/build/CMakeFiles/CMakeTmp'
Building C object CMakeFiles/cmTC_0be5d.dir/CheckSymbolExists.c.o
/usr/bin/cc    -o CMakeFiles/cmTC_0be5d.dir/CheckSymbolExists.c.o   -c /home/mrinmoi/Udemy_ROS/catkin_ws/build/CMakeFiles/CMakeTmp/CheckSymbolExists.c
Linking C executable cmTC_0be5d
/usr/bin/cmake -E cmake_link_script CMakeFiles/cmTC_0be5d.dir/link.txt --verbose=1
/usr/bin/cc      -rdynamic CMakeFiles/cmTC_0be5d.dir/CheckSymbolExists.c.o  -o cmTC_0be5d 
CMakeFiles/cmTC_0be5d.dir/CheckSymbolExists.c.o: In function `main':
CheckSymbolExists.c:(.text+0x1b): undefined reference to `pthread_create'
collect2: error: ld returned 1 exit status
CMakeFiles/cmTC_0be5d.dir/build.make:97: recipe for target 'cmTC_0be5d' failed
make[1]: *** [cmTC_0be5d] Error 1
make[1]: Leaving directory '/home/mrinmoi/Udemy_ROS/catkin_ws/build/CMakeFiles/CMakeTmp'
Makefile:126: recipe for target 'cmTC_0be5d/fast' failed
make: *** [cmTC_0be5d/fast] Error 2

File /home/mrinmoi/Udemy_ROS/catkin_ws/build/CMakeFiles/CMakeTmp/CheckSymbolExists.c:
/* */
#include <pthread.h>

int main(int argc, char** argv)
{
  (void)argv;
#ifndef pthread_create
  return ((int*)(&pthread_create))[argc];
#else
  (void)argc;
  return 0;
#endif
}

Determining if the function pthread_create exists in the pthreads failed with the following output:
Change Dir: /home/mrinmoi/Udemy_ROS/catkin_ws/build/CMakeFiles/CMakeTmp

Run Build Command:"/usr/bin/make" "cmTC_89d0a/fast"
/usr/bin/make -f CMakeFiles/cmTC_89d0a.dir/build.make CMakeFiles/cmTC_89d0a.dir/build
make[1]: Entering directory '/home/mrinmoi/Udemy_ROS/catkin_ws/build/CMakeFiles/CMakeTmp'
Building C object CMakeFiles/cmTC_89d0a.dir/CheckFunctionExists.c.o
/usr/bin/cc   -DCHECK_FUNCTION_EXISTS=pthread_create   -o CMakeFiles/cmTC_89d0a.dir/CheckFunctionExists.c.o   -c /usr/share/cmake-3.10/Modules/CheckFunctionExists.c
Linking C executable cmTC_89d0a
/usr/bin/cmake -E cmake_link_script CMakeFiles/cmTC_89d0a.dir/link.txt --verbose=1
/usr/bin/cc  -DCHECK_FUNCTION_EXISTS=pthread_create    -rdynamic CMakeFiles/cmTC_89d0a.dir/CheckFunctionExists.c.o  -o cmTC_89d0a -lpthreads 
/usr/bin/ld: cannot find -lpthreads
collect2: error: ld returned 1 exit status
CMakeFiles/cmTC_89d0a.dir/build.make:97: recipe for target 'cmTC_89d0a' failed
make[1]: *** [cmTC_89d0a] Error 1
make[1]: Leaving directory '/home/mrinmoi/Udemy_ROS/catkin_ws/build/CMakeFiles/CMakeTmp'
Makefile:126: recipe for target 'cmTC_89d0a/fast' failed
make: *** [cmTC_89d0a/fast] Error 2


